2025-11-24 14:16:57,415 - INFO - preprocessing - Applied Label Encoding to column: Model
2025-11-24 14:16:57,416 - INFO - preprocessing - Applied One-Hot Encoding to column: Engine_Type
2025-11-24 14:16:57,418 - INFO - preprocessing - Applied Label Encoding to column: Sales_Region
2025-11-24 14:16:57,418 - INFO - preprocessing - Applied One-Hot Encoding to column: Company
2025-11-24 14:16:57,419 - INFO - preprocessing - Applied One-Hot Encoding to column: Age_Group
2025-11-24 14:16:57,426 - INFO - preprocessing - Generated dummy variables for: Engine_Type
2025-11-24 14:16:57,430 - INFO - preprocessing - Generated dummy variables for: Company
2025-11-24 14:16:57,435 - INFO - preprocessing - Generated dummy variables for: Age_Group
2025-11-24 14:16:57,435 - INFO - preprocessing - Categorical features successfully encoded.
2025-11-24 14:16:57,487 - INFO - preprocessing - Numerical scaling applied to 28 columns using MinMaxScaler().
2025-11-24 14:16:57,487 - INFO - use_preprocessing - Preprocessing steps completed successfully.
2025-11-24 14:16:57,668 - INFO - use_preprocessing - Preprocessed dataset saved to data/preprocessed/preprocessed_dataset.csv
2025-11-24 14:16:57,675 - INFO - use_preprocessing - Preprocessing pipeline saved to pipeline/preprocessed_pipeline.joblib
2025-11-24 14:16:57,675 - INFO - use_preprocessing - Successfully preprocessed the dataset and saved all outputs!
2025-11-24 14:18:06,028 - INFO - preprocessing - Applied Label Encoding to column: Model
2025-11-24 14:18:06,029 - INFO - preprocessing - Applied One-Hot Encoding to column: Engine_Type
2025-11-24 14:18:06,031 - INFO - preprocessing - Applied Label Encoding to column: Sales_Region
2025-11-24 14:18:06,031 - INFO - preprocessing - Applied One-Hot Encoding to column: Company
2025-11-24 14:18:06,032 - INFO - preprocessing - Applied One-Hot Encoding to column: Age_Group
2025-11-24 14:18:06,036 - INFO - preprocessing - Generated dummy variables for: Engine_Type
2025-11-24 14:18:06,040 - INFO - preprocessing - Generated dummy variables for: Company
2025-11-24 14:18:06,044 - INFO - preprocessing - Generated dummy variables for: Age_Group
2025-11-24 14:18:06,044 - INFO - preprocessing - Categorical features successfully encoded.
2025-11-24 14:18:06,078 - INFO - preprocessing - Numerical scaling applied to 28 columns using MinMaxScaler().
2025-11-24 14:18:06,078 - INFO - use_preprocessing - Preprocessing steps completed successfully.
2025-11-24 14:18:06,259 - INFO - use_preprocessing - Preprocessed dataset saved to data/preprocessed/preprocessed_dataset.csv
2025-11-24 14:18:06,264 - INFO - use_preprocessing - Preprocessing pipeline saved to pipeline/preprocessed_pipeline.joblib
2025-11-24 14:18:06,264 - INFO - use_preprocessing - Successfully preprocessed the dataset and saved all outputs!
